<?xml version="1.0" encoding="UTF-8"?>
<!-- Generated by org.testng.reporters.JUnitReportReporter -->
<testsuite hostname="DESKTOP-JN2GQI8" failures="0" tests="1" name="runner.ui.UiRunner" time="5.702" errors="0" timestamp="10 Dec 2022 01:59:24 GMT" skipped="0">
  <testcase classname="runner.ui.UiRunner" name="runScenario" time="5.702"/>
</testsuite> <!-- runner.ui.UiRunner -->
