<?xml version="1.0" encoding="UTF-8"?>
<!-- Generated by org.testng.reporters.JUnitReportReporter -->
<testsuite hostname="DESKTOP-JN2GQI8" failures="0" tests="1" name="runner.ui.UiRunner" time="6.582" errors="0" timestamp="10 Dec 2022 16:36:55 GMT" skipped="0">
  <testcase classname="runner.ui.UiRunner" name="runScenario" time="6.582"/>
</testsuite> <!-- runner.ui.UiRunner -->
